1 1 None 1710775790.076200 -55.500000
1 2 None 1710775790.076510 -55.500000
1 3 None 1710775790.076700 -55.500000
1 3 Input 1710775790.076150 -50.500000
1 4 None 1710775790.077790 -55.500000
2 1 None 1710775790.081430 -55.500000
2 2 None 1710775790.081610 -55.500000
2 3 None 1710775790.081690 -55.500000
2 4 None 1710775790.081740 -55.500000
3 1 None 1710775790.082020 -55.500000
2 3 Input 1710775790.077260 -50.500000
3 3 Input 1710775790.078800 -52.000000
3 2 None 1710775790.083720 -55.500000
3 3 None 1710775790.084040 -52.500000
3 4 None 1710775790.084100 -55.500000
1 4 Input 1710775790.077110 -46.500000
2 4 None 1710775790.083670 -4.576118
1 1 None 1710775786.093820 -56.000000
1 2 None 1710775786.094160 -56.000000
1 3 None 1710775786.094220 -70.500000
1 4 None 1710775786.094270 -47.000000
2 1 None 1710775786.094320 -56.000000
2 2 None 1710775786.094360 -56.000000
2 3 None 1710775786.094410 -70.500000
2 4 None 1710775786.094450 -70.500000
3 1 None 1710775786.094500 -56.000000
3 2 None 1710775786.094540 -56.000000
3 3 None 1710775786.094580 -70.500000
3 4 None 1710775786.094620 -56.000000
1 1 None 1710775790.077130 -36.767259
1 1 None 1710775790.083290 1.311177
1 3 Input 1710775786.086580 -65.500000
1 4 Input 1710775786.086690 -38.000000
3 1 Input 1710775790.077380 -49.000000
3 1 Input 1710775786.086810 -42.000000
3 2 Input 1710775790.077470 -54.000000
2 1 None 1710775786.118610 -16.641010
3 2 Input 1710775786.086850 -52.000000
3 3 Input 1710775786.086900 -67.500000
2 2 None 1710775790.077590 -22.137379
2 2 None 1710775790.082510 -36.195701
3 4 None 1710775790.106940 -51.840138
3 4 None 1710775786.140660 -39.262971
3 4 None 1710775786.140670 -88.350216
2 3 Input 1710775786.086760 -65.500000
1 1 None 1710775791.106560 0.811177
1 2 None 1710775791.106990 -56.500000
1 3 None 1710775791.107060 -66.000000
1 4 None 1710775791.107100 -38.500000
2 1 None 1710775791.107150 -70.500000
2 2 None 1710775791.107190 -36.695701
2 3 None 1710775791.107230 -66.000000
2 4 None 1710775791.107270 -71.000000
3 1 None 1710775791.107310 -70.500000
3 2 None 1710775791.107350 -70.500000
3 3 None 1710775791.107380 -68.000000
3 4 None 1710775791.107410 -88.850216
1 3 Input 1710775791.098630 -61.000000
1 4 Input 1710775791.098750 -29.500000
3 1 Input 1710775791.099150 -63.500000
2 3 Input 1710775791.099100 -61.000000
3 2 Input 1710775791.099200 -68.500000
3 3 Input 1710775791.099240 -65.000000
1 1 None 1710775787.118970 0.311177
1 2 None 1710775787.119100 -57.000000
1 3 None 1710775787.119380 -61.500000
1 4 None 1710775787.119420 -30.000000
2 1 None 1710775787.119450 -71.000000
2 2 None 1710775787.119480 -37.195701
2 3 None 1710775787.119510 -61.500000
2 4 None 1710775787.119540 -71.500000
3 1 None 1710775787.119570 -64.000000
3 2 None 1710775787.119590 -69.000000
3 3 None 1710775787.119620 -65.500000
3 4 None 1710775787.119650 -89.350216
1 3 Input 1710775787.109940 -56.500000
1 4 Input 1710775787.110030 -21.000000
2 3 Input 1710775787.110080 -56.500000
3 1 Input 1710775787.110120 -57.000000
3 2 Input 1710775787.110150 -67.000000
3 3 Input 1710775787.110930 -62.500000
1 1 None 1710775792.125500 -0.188823
1 2 None 1710775792.125860 -57.500000
1 3 None 1710775792.125940 -57.000000
1 4 None 1710775792.125980 -21.500000
2 1 None 1710775792.126030 -71.500000
2 2 None 1710775792.126070 -37.695701
2 3 None 1710775792.126120 -57.000000
2 4 None 1710775792.126160 -72.000000
3 1 None 1710775792.126200 -57.500000
3 2 None 1710775792.126240 -67.500000
3 3 None 1710775792.126280 -63.000000
3 4 None 1710775792.126320 -89.850216
1 3 Input 1710775792.118790 -52.000000
1 4 Input 1710775792.118910 -12.500000
2 2 None 1710775792.141120 -2.827260
2 3 Input 1710775792.118980 -52.000000
3 1 Input 1710775792.119020 -50.500000
3 2 Input 1710775792.119070 -65.500000
3 3 Input 1710775792.119110 -60.000000
1 1 None 1710775788.137460 -0.688823
1 2 None 1710775788.138020 -58.000000
1 3 None 1710775788.138100 -70.500000
1 4 None 1710775788.138160 -13.000000
2 1 None 1710775788.138210 -72.000000
2 2 None 1710775788.138260 -3.327260
2 3 None 1710775788.138300 -70.500000
2 4 None 1710775788.138350 -72.500000
3 1 None 1710775788.138400 -70.500000
3 2 None 1710775788.138450 -66.000000
3 3 None 1710775788.138490 -60.500000
3 4 None 1710775788.138540 -90.350216
1 1 None 1710775792.140840 19.115188
1 3 Input 1710775788.129060 -65.500000
1 4 Input 1710775788.129190 -4.000000
2 1 None 1710775792.196170 -24.675501
3 1 Input 1710775788.129300 -63.500000
3 2 Input 1710775788.129350 -64.000000
3 3 Input 1710775788.129400 -57.500000
2 2 None 1710775792.193950 -17.803156
2 3 Input 1710775788.129250 -65.500000
1 1 None 1710775793.150250 18.615188
1 2 None 1710775793.150810 -58.500000
1 3 None 1710775793.150880 -66.000000
1 4 None 1710775793.150940 -4.500000
2 1 None 1710775793.150990 -70.500000
2 2 None 1710775793.152600 -18.303156
2 3 None 1710775793.152670 -66.000000
2 4 None 1710775793.152710 -73.000000
3 1 None 1710775793.153150 -64.000000
3 2 None 1710775793.153190 -64.500000
3 3 None 1710775793.153230 -58.000000
3 4 None 1710775793.153270 -90.850216
1 3 Input 1710775793.142000 -61.000000
1 4 Input 1710775793.142130 4.500000
3 1 Input 1710775793.142250 -57.000000
3 2 Input 1710775793.142300 -62.500000
3 3 Input 1710775793.142350 -55.000000
3 4 None 1710775788.225360 -72.200634
2 3 Input 1710775793.142190 -61.000000
2 4 None 1710775793.237270 -19.138202
1 1 None 1710775789.166480 18.115188
1 2 None 1710775789.166940 -59.000000
1 3 None 1710775789.166990 -61.500000
1 4 None 1710775789.167030 4.000000
2 1 None 1710775789.167070 -71.000000
2 2 None 1710775789.167100 -18.803156
2 3 None 1710775789.167140 -61.500000
2 4 None 1710775789.167180 -70.500000
3 1 None 1710775789.167220 -57.500000
3 2 None 1710775789.167250 -63.000000
3 3 None 1710775789.167280 -70.500000
3 4 None 1710775789.167320 -72.700634
1 1 None 1710775793.236980 58.390457
1 3 Input 1710775789.155020 -56.500000
1 4 Input 1710775789.155120 13.000000
3 1 Input 1710775789.155220 -50.500000
2 1 None 1710775789.274900 -23.675501
3 2 Input 1710775789.155250 -61.000000
3 3 Input 1710775789.155290 -67.500000
3 4 None 1710775793.262560 -55.303295
3 4 None 1710775789.297720 -37.409507
2 3 Input 1710775789.155170 -56.500000
1 1 None 1710775794.179020 57.890457
1 2 None 1710775794.179650 -59.500000
1 3 None 1710775794.179710 -57.000000
1 4 None 1710775794.179750 12.500000
2 1 None 1710775794.179790 -70.500000
2 2 None 1710775794.179830 -19.303156
2 3 None 1710775794.179880 -57.000000
2 4 None 1710775794.179920 -71.000000
3 1 None 1710775794.179970 -70.500000
3 2 None 1710775794.180010 -61.500000
3 3 None 1710775794.180040 -68.000000
3 4 None 1710775794.180090 -37.909507
1 3 Input 1710775794.166650 -52.000000
1 4 Input 1710775794.166770 21.500000
3 1 Input 1710775794.166910 -63.500000
3 2 Input 1710775794.166970 -59.500000
3 3 Input 1710775794.167010 -65.000000
2 2 None 1710775794.213110 15.565285
2 3 Input 1710775794.166850 -52.000000
1 1 None 1710775790.193970 57.390457
1 2 None 1710775790.194620 -60.000000
1 3 None 1710775790.194690 -70.500000
1 4 None 1710775790.194740 21.000000
2 1 None 1710775790.194790 -71.000000
2 2 None 1710775790.194830 15.065285
2 3 None 1710775790.194880 -70.500000
2 4 None 1710775790.194930 -71.500000
3 1 None 1710775790.194970 -64.000000
3 2 None 1710775790.195010 -60.000000
3 3 None 1710775790.195050 -65.500000
3 4 None 1710775790.195100 -38.409507
1 1 None 1710775794.211450 77.194468
1 3 Input 1710775790.179660 -65.500000
1 4 Input 1710775790.179780 30.000000
3 1 Input 1710775790.179910 -57.000000
3 2 Input 1710775790.179960 -58.000000
3 3 Input 1710775790.180010 -62.500000
2 2 None 1710775794.334690 0.589389
2 3 Input 1710775790.179860 -65.500000
1 1 None 1710775795.205760 76.694468
1 2 None 1710775795.206230 -60.500000
1 3 None 1710775795.206280 -66.000000
1 4 None 1710775795.206320 29.500000
2 1 None 1710775795.206360 -71.500000
2 2 None 1710775795.206400 0.089389
2 3 None 1710775795.206450 -66.000000
2 4 None 1710775795.206480 -72.000000
3 1 None 1710775795.206520 -57.500000
3 2 None 1710775795.206550 -58.500000
3 3 None 1710775795.206580 -63.000000
3 4 None 1710775795.206610 -38.909507
1 3 Input 1710775795.190120 -61.000000
1 4 Input 1710775795.190200 38.500000
3 1 Input 1710775795.190280 -50.500000
3 2 Input 1710775795.190320 -56.500000
3 3 Input 1710775795.190350 -60.000000
2 1 None 1710775795.335570 -24.175501
2 3 Input 1710775795.190250 -61.000000
1 1 None 1710775791.220880 76.194468
1 2 None 1710775791.221240 -61.000000
1 3 None 1710775791.221290 -61.500000
1 4 None 1710775791.221330 38.000000
2 1 None 1710775791.221370 -70.500000
2 2 None 1710775791.221410 -0.410611
2 3 None 1710775791.221440 -61.500000
2 4 None 1710775791.221480 -72.500000
3 1 None 1710775791.221520 -70.500000
3 2 None 1710775791.221550 -57.000000
3 3 None 1710775791.221580 -60.500000
3 4 None 1710775791.221610 -39.409507
1 3 Input 1710775791.203880 -56.500000
1 4 Input 1710775791.203950 47.000000
3 1 Input 1710775791.204040 -63.500000
3 2 Input 1710775791.204070 -55.000000
3 3 Input 1710775791.204100 -57.500000
3 4 None 1710775795.380510 -21.137822
3 4 None 1710775791.371180 -73.057023
2 3 Input 1710775791.204000 -56.500000
1 1 None 1710775796.230310 75.694468
1 2 None 1710775796.231780 -61.500000
1 3 None 1710775796.231870 -57.000000
1 4 None 1710775796.231920 46.500000
2 1 None 1710775796.231970 -71.000000
2 2 None 1710775796.232010 -0.910611
2 3 None 1710775796.232060 -57.000000
2 4 None 1710775796.232100 -73.000000
3 1 None 1710775796.232350 -64.000000
3 2 None 1710775796.232380 -70.500000
3 3 None 1710775796.232430 -58.000000
3 4 None 1710775796.232470 -73.557023
1 3 Input 1710775796.214320 -52.000000
1 4 Input 1710775796.214470 55.500000
3 1 Input 1710775796.214590 -57.000000
3 2 Input 1710775796.214640 -68.500000
3 3 Input 1710775796.214690 -55.000000
2 2 None 1710775796.279690 33.957830
2 3 Input 1710775796.214540 -52.000000
2 4 None 1710775796.407230 -19.138202
1 1 None 1710775792.237850 75.194468
1 2 None 1710775792.238090 -62.000000
1 3 None 1710775792.238120 -70.500000
1 4 None 1710775792.238150 55.000000
2 1 None 1710775792.238170 -71.500000
2 2 None 1710775792.238190 33.457830
2 3 None 1710775792.238210 -70.500000
2 4 None 1710775792.238240 -70.500000
3 1 None 1710775792.238260 -57.500000
3 2 None 1710775792.238280 -69.000000
3 3 None 1710775792.238300 -70.500000
3 4 None 1710775792.238320 -74.057023
1 1 None 1710775796.279450 94.998479
1 1 None 1710775796.405850 135.273748
1 3 Input 1710775792.224810 -65.500000
1 4 Input 1710775792.224860 64.000000
3 1 Input 1710775792.224920 -50.500000
3 2 Input 1710775792.224950 -67.000000
3 3 Input 1710775792.224970 -67.500000
3 4 None 1710775796.447340 -56.659684
2 1 None 1710775792.436510 -24.175501
2 2 None 1710775796.425340 18.981934
2 3 Input 1710775792.224890 -65.500000
1 1 None 1710775797.248850 134.773748
1 2 None 1710775797.249230 -62.500000
1 3 None 1710775797.249290 -66.000000
1 4 None 1710775797.249340 63.500000
2 1 None 1710775797.249380 -70.500000
2 2 None 1710775797.249420 18.481934
2 3 None 1710775797.249460 -66.000000
2 4 None 1710775797.249510 -71.000000
3 1 None 1710775797.249550 -70.500000
3 2 None 1710775797.249590 -67.500000
3 3 None 1710775797.249630 -68.000000
3 4 None 1710775797.249670 -57.159684
1 3 Input 1710775797.236390 -61.000000
1 4 Input 1710775797.236490 72.500000
3 1 Input 1710775797.236590 -63.500000
3 2 Input 1710775797.236630 -65.500000
3 3 Input 1710775797.237750 -65.000000
3 4 None 1710775792.478090 -38.887999
2 3 Input 1710775797.236550 -61.000000
1 1 None 1710775793.256880 134.273748
1 2 None 1710775793.257150 -63.000000
1 3 None 1710775793.257200 -61.500000
1 4 None 1710775793.257240 72.000000
2 1 None 1710775793.257280 -71.000000
2 2 None 1710775793.257320 17.981934
2 3 None 1710775793.257360 -61.500000
2 4 None 1710775793.257390 -71.500000
3 1 None 1710775793.257420 -64.000000
3 2 None 1710775793.257460 -66.000000
3 3 None 1710775793.257490 -65.500000
3 4 None 1710775793.257520 -39.387999
1 3 Input 1710775793.246320 -56.500000
1 4 Input 1710775793.246440 81.000000
3 1 Input 1710775793.246530 -57.000000
3 2 Input 1710775793.246570 -64.000000
3 3 Input 1710775793.246610 -62.500000
2 3 Input 1710775793.246490 -56.500000
1 1 None 1710775798.266290 133.773748
1 2 None 1710775798.266610 -63.500000
1 3 None 1710775798.266680 -57.000000
1 4 None 1710775798.266730 80.500000
2 1 None 1710775798.266790 -71.500000
2 2 None 1710775798.266830 17.481934
2 3 None 1710775798.266880 -57.000000
2 4 None 1710775798.266930 -72.000000
3 1 None 1710775798.266970 -57.500000
3 2 None 1710775798.267020 -64.500000
3 3 None 1710775798.267060 -63.000000
3 4 None 1710775798.268320 -39.887999
1 3 Input 1710775798.255210 -52.000000
1 4 Input 1710775798.255330 89.500000
3 1 Input 1710775798.255470 -50.500000
3 2 Input 1710775798.255510 -62.500000
3 3 Input 1710775798.255550 -60.000000
2 1 None 1710775798.489790 -24.175501
2 2 None 1710775798.335240 52.350375
2 3 Input 1710775798.255410 -52.000000
1 1 None 1710775794.278440 133.273748
1 2 None 1710775794.278720 -64.000000
1 3 None 1710775794.278780 -70.500000
1 4 None 1710775794.278820 89.000000
2 1 None 1710775794.278870 -70.500000
2 2 None 1710775794.278900 51.850375
2 3 None 1710775794.278940 -70.500000
2 4 None 1710775794.278980 -72.500000
3 1 None 1710775794.280180 -70.500000
3 2 None 1710775794.280240 -63.000000
3 3 None 1710775794.280270 -60.500000
3 4 None 1710775794.280310 -40.387999
1 1 None 1710775798.334950 153.077759
1 3 Input 1710775794.265380 -65.500000
1 4 Input 1710775794.265480 98.000000
3 1 Input 1710775794.265670 -63.500000
3 2 Input 1710775794.265710 -61.000000
3 3 Input 1710775794.265750 -57.500000
3 4 None 1710775798.534890 -22.116314
2 2 None 1710775798.557140 37.374479
2 3 Input 1710775794.265540 -65.500000
1 1 None 1710775799.290400 152.577759
1 2 None 1710775799.290820 -64.500000
1 3 None 1710775799.290900 -66.000000
1 4 None 1710775799.290970 97.500000
2 1 None 1710775799.291030 -71.000000
2 2 None 1710775799.291100 36.874479
2 3 None 1710775799.291160 -66.000000
2 4 None 1710775799.291230 -73.000000
3 1 None 1710775799.291290 -64.000000
3 2 None 1710775799.291340 -61.500000
3 3 None 1710775799.291400 -58.000000
3 4 None 1710775799.291460 -22.616314
1 3 Input 1710775799.275180 -61.000000
1 4 Input 1710775799.275350 106.500000
3 1 Input 1710775799.275510 -57.000000
3 2 Input 1710775799.275580 -59.500000
3 3 Input 1710775799.275650 -55.000000
2 3 Input 1710775799.275440 -61.000000
2 4 None 1710775799.533430 -19.138202
